TN:
SF:script/CREATE3.sol
DA:58,0
FN:58,CREATE3.deployDeterministic.0
FNDA:0,CREATE3.deployDeterministic.0
DA:59,0
DA:66,0
FN:66,CREATE3.deployDeterministic.1
FNDA:0,CREATE3.deployDeterministic.1
DA:72,0
DA:73,0
DA:74,0
BRDA:74,0,0,-
DA:75,0
DA:76,0
DA:78,0
DA:81,0
DA:82,0
DA:83,0
DA:84,0
BRDA:84,1,0,-
DA:90,0
DA:91,0
DA:97,0
FN:97,CREATE3.predictDeterministicAddress.0
FNDA:0,CREATE3.predictDeterministicAddress.0
DA:98,0
DA:102,0
FN:102,CREATE3.predictDeterministicAddress.1
FNDA:0,CREATE3.predictDeterministicAddress.1
DA:105,0
DA:106,0
DA:107,0
DA:108,0
DA:109,0
DA:111,0
DA:112,0
DA:115,0
DA:116,0
DA:117,0
FNF:4
FNH:0
LF:28
LH:0
BRF:2
BRH:0
end_of_record
TN:
SF:script/DeployStableSwapHooksFactory.s.sol
DA:16,0
FN:16,DeployStableSwapHooksFactory.run
FNDA:0,DeployStableSwapHooksFactory.run
DA:17,0
DA:18,0
DA:19,0
DA:24,0
DA:25,0
DA:26,0
DA:27,0
DA:28,0
DA:29,0
DA:30,0
DA:31,0
DA:33,0
DA:34,0
DA:35,0
DA:37,0
DA:40,0
FN:40,DeployStableSwapHooksFactory._getPoolManager
FNDA:0,DeployStableSwapHooksFactory._getPoolManager
DA:41,0
DA:44,0
BRDA:44,0,0,-
DA:45,0
BRDA:45,1,0,-
DA:46,0
BRDA:46,2,0,-
DA:47,0
BRDA:47,3,0,-
DA:48,0
BRDA:48,4,0,-
DA:49,0
BRDA:49,5,0,-
DA:50,0
BRDA:50,6,0,-
DA:51,0
BRDA:51,7,0,-
DA:52,0
BRDA:52,8,0,-
DA:53,0
BRDA:53,9,0,-
DA:54,0
BRDA:54,10,0,-
DA:55,0
BRDA:55,11,0,-
DA:56,0
BRDA:56,12,0,-
DA:57,0
BRDA:57,13,0,-
DA:58,0
BRDA:58,14,0,-
DA:61,0
BRDA:61,15,0,-
DA:62,0
BRDA:62,16,0,-
DA:63,0
BRDA:63,17,0,-
DA:64,0
BRDA:64,18,0,-
DA:66,0
FNF:2
FNH:0
LF:38
LH:0
BRF:19
BRH:0
end_of_record
TN:
SF:src/Amp.sol
DA:53,75
FN:53,Amp.constructor
FNDA:75,Amp.constructor
DA:54,75
BRDA:54,0,0,-
DA:55,0
DA:58,75
DA:60,75
DA:61,75
DA:69,0
FN:69,Amp.startAmpRamp
FNDA:0,Amp.startAmpRamp
DA:70,0
BRDA:70,1,0,-
DA:71,0
DA:74,0
BRDA:74,2,0,-
DA:75,0
DA:78,0
BRDA:78,3,0,-
DA:79,0
DA:82,0
DA:83,0
DA:85,0
BRDA:85,4,0,-
BRDA:85,4,1,-
DA:86,0
BRDA:86,5,0,-
DA:87,0
DA:90,0
BRDA:90,6,0,-
DA:91,0
DA:95,0
DA:96,0
DA:97,0
DA:98,0
DA:100,0
DA:106,0
FN:106,Amp.stopAmpRamp
FNDA:0,Amp.stopAmpRamp
DA:107,0
DA:109,0
DA:110,0
DA:111,0
DA:112,0
DA:114,0
DA:118,57
FN:118,Amp.getCurrentAmp
FNDA:57,Amp.getCurrentAmp
DA:119,57
DA:120,57
DA:122,57
BRDA:122,7,0,-
DA:123,0
DA:124,0
DA:126,0
DA:131,57
FNF:4
FNH:2
LF:40
LH:10
BRF:9
BRH:0
end_of_record
TN:
SF:src/Base.sol
DA:83,75
FN:83,Base.onlyFactoryOwner
FNDA:75,Base.onlyFactoryOwner
DA:84,0
DA:95,75
FN:95,Base.constructor
FNDA:75,Base.constructor
DA:102,75
DA:103,75
DA:104,75
DA:105,75
DA:107,75
BRDA:107,0,0,-
DA:108,0
DA:111,75
BRDA:111,1,0,-
DA:112,0
DA:115,75
DA:117,75
DA:118,225
DA:119,225
DA:121,225
DA:123,225
DA:124,250
BRDA:124,2,0,-
DA:125,0
DA:128,250
DA:136,250
DA:138,250
DA:146,72
FN:146,Base.getCurrencyIndex
FNDA:72,Base.getCurrencyIndex
DA:147,72
DA:158,75
FN:158,Base.getHookPermissions
FNDA:75,Base.getHookPermissions
DA:159,75
DA:178,358
FN:178,Base._getRate
FNDA:358,Base._getRate
DA:179,358
DA:181,358
DA:183,358
BRDA:183,3,0,-
DA:184,0
DA:185,0
DA:187,0
BRDA:187,4,0,-
DA:188,0
DA:191,0
DA:192,0
DA:197,36
FN:197,Base._validatePoolId
FNDA:36,Base._validatePoolId
DA:198,36
BRDA:198,5,0,-
DA:199,0
DA:204,0
FN:204,Base._beforeInitialize
FNDA:0,Base._beforeInitialize
DA:205,0
DA:207,0
DA:211,150
FN:211,Base._checkFactoryOwner
FNDA:150,Base._checkFactoryOwner
DA:212,150
BRDA:212,6,0,-
DA:213,0
FNF:8
FNH:7
LF:45
LH:30
BRF:7
BRH:0
end_of_record
TN:
SF:src/Fees.sol
DA:48,75
FN:48,Fees.constructor
FNDA:75,Fees.constructor
DA:49,75
DA:50,75
DA:55,75
FN:55,Fees.setProtocolFeePercentage
FNDA:75,Fees.setProtocolFeePercentage
DA:56,75
DA:58,75
BRDA:58,0,0,-
DA:59,0
DA:62,75
DA:64,75
DA:69,75
FN:69,Fees.setHookFeePercentage
FNDA:75,Fees.setHookFeePercentage
DA:70,75
DA:72,75
BRDA:72,1,0,-
DA:73,0
DA:76,75
DA:78,75
DA:83,0
FN:83,Fees.withdrawProtocolFees
FNDA:0,Fees.withdrawProtocolFees
DA:84,0
DA:86,0
DA:91,0
FN:91,Fees.withdrawHookFees
FNDA:0,Fees.withdrawHookFees
DA:92,0
DA:94,0
DA:98,0
FN:98,Fees._handleWithdrawProtocolFeesCallback
FNDA:0,Fees._handleWithdrawProtocolFeesCallback
DA:99,0
DA:101,0
DA:102,0
DA:104,0
DA:106,0
DA:107,0
DA:110,0
DA:114,0
FN:114,Fees._handleWithdrawHookFeesCallback
FNDA:0,Fees._handleWithdrawHookFeesCallback
DA:115,0
DA:117,0
DA:118,0
DA:120,0
DA:122,0
DA:123,0
DA:126,0
DA:130,0
FN:130,Fees._handleWithdrawFeesPoolManagerAccounting
FNDA:0,Fees._handleWithdrawFeesPoolManagerAccounting
DA:131,0
BRDA:131,2,0,-
DA:132,0
DA:135,0
DA:136,0
BRDA:136,3,0,-
DA:137,0
DA:138,0
DA:145,36
FN:145,Fees._getFees
FNDA:36,Fees._getFees
DA:150,36
DA:151,36
DA:152,36
DA:156,36
FN:156,Fees._addFees
FNDA:36,Fees._addFees
DA:157,36
DA:158,36
FNF:10
FNH:5
LF:51
LH:20
BRF:4
BRH:0
end_of_record
TN:
SF:src/Liquidity.sol
DA:53,22
FN:53,Liquidity.quoteAddLiquidity
FNDA:22,Liquidity.quoteAddLiquidity
DA:58,22
DA:64,0
FN:64,Liquidity.quoteRemoveLiquidity
FNDA:0,Liquidity.quoteRemoveLiquidity
DA:65,0
DA:74,41
FN:74,Liquidity.addLiquidity
FNDA:41,Liquidity.addLiquidity
DA:75,41
DA:77,41
DA:85,0
FN:85,Liquidity.removeLiquidity
FNDA:0,Liquidity.removeLiquidity
DA:86,0
DA:88,0
DA:92,0
FN:92,Liquidity._beforeAddLiquidity
FNDA:0,Liquidity._beforeAddLiquidity
DA:98,0
DA:102,0
FN:102,Liquidity._beforeRemoveLiquidity
FNDA:0,Liquidity._beforeRemoveLiquidity
DA:108,0
DA:112,0
FN:112,Liquidity._beforeDonate
FNDA:0,Liquidity._beforeDonate
DA:118,0
DA:122,41
FN:122,Liquidity._handleAddLiquidityCallback
FNDA:41,Liquidity._handleAddLiquidityCallback
DA:123,41
DA:124,41
DA:126,41
DA:128,41
DA:130,41
BRDA:130,0,0,-
DA:131,0
DA:134,41
DA:135,108
BRDA:135,1,0,-
DA:136,0
DA:140,24
BRDA:140,2,0,24
DA:141,24
DA:144,41
DA:145,108
DA:146,108
DA:147,108
DA:148,108
DA:149,108
DA:150,108
DA:153,41
DA:155,41
DA:159,0
FN:159,Liquidity._handleRemoveLiquidityCallback
FNDA:0,Liquidity._handleRemoveLiquidityCallback
DA:160,0
DA:161,0
DA:163,0
BRDA:163,3,0,-
DA:164,0
DA:167,0
DA:169,0
DA:170,0
BRDA:170,4,0,-
DA:171,0
DA:174,0
DA:176,0
DA:177,0
DA:179,0
DA:182,0
DA:184,0
DA:188,63
FN:188,Liquidity._calculateAddLiquidity
FNDA:63,Liquidity._calculateAddLiquidity
DA:193,63
DA:194,63
DA:196,63
BRDA:196,5,0,25
BRDA:196,5,1,38
DA:197,25
DA:199,25
DA:200,63
DA:203,25
DA:205,25
BRDA:205,6,0,-
DA:206,0
DA:209,25
DA:211,25
DA:212,63
DA:215,38
DA:216,38
DA:218,38
DA:219,102
DA:220,102
DA:223,0
DA:225,38
DA:226,102
DA:227,102
DA:229,102
BRDA:229,7,0,74
DA:230,74
DA:234,38
DA:236,38
DA:237,102
DA:238,102
DA:244,0
FN:244,Liquidity._calculateRemoveLiquidity
FNDA:0,Liquidity._calculateRemoveLiquidity
DA:245,0
DA:246,0
DA:248,0
DA:249,0
FNF:11
FNH:4
LF:85
LH:50
BRF:9
BRH:4
end_of_record
TN:
SF:src/StableSwapHooks.sol
DA:40,41
FN:40,StableSwapHooks.unlockCallback
FNDA:41,StableSwapHooks.unlockCallback
DA:41,41
DA:43,41
BRDA:43,0,0,41
BRDA:43,0,1,-
DA:44,41
DA:45,0
BRDA:45,1,0,-
BRDA:45,1,1,-
DA:46,0
DA:47,0
BRDA:47,2,0,-
BRDA:47,2,1,-
DA:48,0
DA:49,0
BRDA:49,3,0,-
BRDA:49,3,1,-
DA:50,0
DA:52,0
DA:55,41
FNF:1
FNH:1
LF:12
LH:5
BRF:8
BRH:1
end_of_record
TN:
SF:src/Swap.sol
DA:48,36
FN:48,Swap._beforeSwap
FNDA:36,Swap._beforeSwap
DA:53,36
DA:55,36
DA:56,36
DA:58,36
DA:62,36
FN:62,Swap._swap
FNDA:36,Swap._swap
DA:63,36
DA:65,36
DA:67,36
DA:69,36
DA:70,36
DA:72,36
DA:83,36
DA:84,36
DA:86,36
DA:90,36
FN:90,Swap._createSwapContext
FNDA:36,Swap._createSwapContext
DA:95,36
DA:96,36
DA:98,36
DA:100,36
DA:101,36
DA:102,121
DA:105,36
DA:106,36
DA:110,36
FN:110,Swap._swapExactInput
FNDA:36,Swap._swapExactInput
DA:111,36
DA:112,36
DA:114,36
DA:118,36
DA:122,36
DA:123,36
DA:125,36
DA:126,36
DA:128,36
DA:132,0
FN:132,Swap._swapExactOutput
FNDA:0,Swap._swapExactOutput
DA:133,0
DA:134,0
DA:136,0
DA:140,0
DA:144,0
DA:145,0
DA:147,0
DA:148,0
DA:150,0
DA:154,36
FN:154,Swap._settleTrade
FNDA:36,Swap._settleTrade
DA:155,36
BRDA:155,0,0,36
BRDA:155,0,1,-
DA:156,36
DA:158,36
DA:159,36
DA:161,36
DA:162,36
DA:164,0
DA:166,0
DA:167,0
DA:169,0
DA:170,0
FNF:6
FNH:5
LF:56
LH:41
BRF:2
BRH:1
end_of_record
TN:
SF:src/factories/StableSwapHooksFactory.sol
DA:57,25
FN:57,StableSwapHooksFactory.constructor
FNDA:25,StableSwapHooksFactory.constructor
DA:64,25
DA:65,25
DA:67,25
DA:68,25
DA:73,0
FN:73,StableSwapHooksFactory.setProtocolFeeCollector
FNDA:0,StableSwapHooksFactory.setProtocolFeeCollector
DA:74,0
DA:79,0
FN:79,StableSwapHooksFactory.setHookFeeCollector
FNDA:0,StableSwapHooksFactory.setHookFeeCollector
DA:80,0
DA:84,0
FN:84,StableSwapHooksFactory.pause
FNDA:0,StableSwapHooksFactory.pause
DA:85,0
DA:89,0
FN:89,StableSwapHooksFactory.unpause
FNDA:0,StableSwapHooksFactory.unpause
DA:90,0
DA:100,75
FN:100,StableSwapHooksFactory.deploy
FNDA:75,StableSwapHooksFactory.deploy
DA:108,75
BRDA:108,0,0,-
DA:109,0
DA:112,75
DA:116,75
DA:118,75
DA:120,75
DA:124,25
FN:124,StableSwapHooksFactory._setProtocolFeeCollector
FNDA:25,StableSwapHooksFactory._setProtocolFeeCollector
DA:125,25
BRDA:125,1,0,-
DA:126,0
DA:129,25
DA:131,25
DA:135,25
FN:135,StableSwapHooksFactory._setHookFeeCollector
FNDA:25,StableSwapHooksFactory._setHookFeeCollector
DA:136,25
BRDA:136,2,0,-
DA:137,0
DA:140,25
DA:142,25
FNF:8
FNH:4
LF:30
LH:19
BRF:3
BRH:0
end_of_record
TN:
SF:src/libraries/StableSwapMath.sol
DA:30,114
FN:30,StableSwapMath.getInvariant
FNDA:114,StableSwapMath.getInvariant
DA:35,114
DA:37,114
DA:39,114
DA:40,375
DA:43,114
BRDA:43,0,0,-
DA:44,0
DA:47,114
DA:49,114
DA:51,114
DA:52,306
DA:54,306
DA:55,1060
DA:58,306
DA:60,306
DA:63,306
DA:69,306
BRDA:69,1,0,-
BRDA:69,1,1,114
DA:70,0
BRDA:70,2,0,-
DA:71,0
DA:74,306
BRDA:74,3,0,114
DA:75,114
DA:80,0
DA:94,114
FN:94,StableSwapMath.getTargetReserves
FNDA:114,StableSwapMath.getTargetReserves
DA:102,114
DA:104,114
DA:106,114
DA:108,114
DA:110,114
DA:111,375
DA:113,375
BRDA:113,4,0,114
BRDA:113,4,1,114
DA:114,114
DA:115,261
BRDA:115,5,0,147
BRDA:115,5,1,114
DA:116,147
DA:118,114
DA:121,114
DA:123,114
DA:126,114
DA:128,114
DA:130,114
DA:132,114
DA:133,982
DA:136,982
DA:142,982
BRDA:142,6,0,-
BRDA:142,6,1,114
DA:143,0
BRDA:143,7,0,-
DA:144,0
DA:147,982
BRDA:147,8,0,114
DA:148,114
DA:153,0
DA:159,534
FN:159,StableSwapMath.scaleTo
FNDA:534,StableSwapMath.scaleTo
DA:160,534
DA:166,216
FN:166,StableSwapMath.descale
FNDA:216,StableSwapMath.descale
DA:167,216
DA:172,225
FN:172,StableSwapMath.getRate
FNDA:225,StableSwapMath.getRate
DA:173,225
DA:182,25
FN:182,StableSwapMath.geometricMean
FNDA:25,StableSwapMath.geometricMean
DA:183,25
DA:185,25
BRDA:185,9,0,16
DA:187,16
DA:190,9
BRDA:190,10,0,5
DA:193,5
DA:196,4
BRDA:196,11,0,4
DA:199,4
DA:200,4
DA:201,4
DA:204,0
DA:211,15
FN:211,StableSwapMath.cbrt
FNDA:15,StableSwapMath.cbrt
DA:214,0
DA:215,0
DA:216,0
DA:217,0
DA:218,0
DA:220,0
DA:222,0
DA:223,0
DA:224,0
DA:225,0
DA:226,0
DA:227,0
DA:228,0
DA:230,0
FNF:7
FNH:7
LF:80
LH:58
BRF:16
BRH:11
end_of_record
TN:
SF:src/periphery/StableSwapZapIn.sol
DA:100,25
FN:100,StableSwapZapIn.constructor
FNDA:25,StableSwapZapIn.constructor
DA:101,25
BRDA:101,0,0,-
DA:102,25
DA:112,22
FN:112,StableSwapZapIn.quoteZapIn
FNDA:22,StableSwapZapIn.quoteZapIn
DA:117,22
DA:118,22
DA:120,22
BRDA:120,1,0,-
DA:121,0
DA:124,22
DA:127,22
BRDA:127,2,0,1
DA:128,1
DA:129,1
DA:130,2
DA:132,1
DA:136,21
DA:139,21
DA:140,55
DA:142,21
DA:143,39
DA:144,39
DA:147,21
DA:156,23
FN:156,StableSwapZapIn.zapIn
FNDA:23,StableSwapZapIn.zapIn
DA:157,23
BRDA:157,3,0,1
DA:159,22
DA:160,22
DA:162,22
BRDA:162,4,0,1
DA:163,1
DA:167,21
DA:168,38
BRDA:168,5,0,1
DA:169,1
DA:171,37
BRDA:171,6,0,1
DA:172,1
DA:177,19
DA:178,19
DA:179,51
DA:183,19
DA:186,18
BRDA:186,7,0,11
DA:187,11
DA:191,18
DA:193,18
BRDA:193,8,0,1
DA:194,1
DA:198,17
DA:199,17
DA:201,17
DA:205,11
FN:205,StableSwapZapIn.unlockCallback
FNDA:11,StableSwapZapIn.unlockCallback
DA:206,11
BRDA:206,9,0,-
DA:208,11
DA:210,11
DA:213,11
DA:214,11
DA:215,32
DA:217,11
DA:218,11
DA:219,11
DA:222,11
DA:225,11
DA:226,36
DA:228,36
DA:229,36
DA:230,36
DA:232,36
DA:245,28
BRDA:245,10,0,28
BRDA:245,10,1,8
DA:246,28
DA:247,28
DA:249,8
DA:250,8
DA:255,11
DA:256,32
DA:257,32
BRDA:257,11,0,13
BRDA:257,11,1,-
DA:259,13
DA:260,13
DA:261,13
DA:262,13
DA:263,19
BRDA:263,12,0,19
DA:265,19
DA:269,11
DA:275,19
FN:275,StableSwapZapIn._transferTokensFromUser
FNDA:19,StableSwapZapIn._transferTokensFromUser
DA:276,19
DA:277,19
DA:279,19
DA:280,51
BRDA:280,13,0,37
DA:281,37
DA:282,37
DA:286,19
BRDA:286,14,0,1
DA:287,1
DA:295,18
FN:295,StableSwapZapIn._addLiquidityAndGetShares
FNDA:18,StableSwapZapIn._addLiquidityAndGetShares
DA:299,18
DA:300,18
DA:303,18
DA:304,49
DA:305,49
DA:306,49
DA:307,49
BRDA:307,15,0,49
DA:308,49
DA:312,18
DA:313,18
DA:315,18
DA:317,18
DA:324,17
FN:324,StableSwapZapIn._refundLeftovers
FNDA:17,StableSwapZapIn._refundLeftovers
DA:328,17
DA:329,17
DA:331,17
DA:332,47
DA:333,47
DA:335,47
DA:336,47
BRDA:336,16,0,32
DA:337,32
DA:348,21
FN:348,StableSwapZapIn._calculateOptimalSwaps
FNDA:21,StableSwapZapIn._calculateOptimalSwaps
DA:353,21
DA:356,21
DA:357,21
DA:358,21
DA:359,21
DA:360,21
DA:361,21
DA:363,21
DA:364,55
DA:365,55
DA:366,55
DA:367,55
DA:371,21
BRDA:371,17,0,2
DA:372,2
DA:376,19
DA:377,19
DA:381,19
DA:383,52
DA:384,52
DA:386,52
BRDA:386,18,0,13
DA:389,39
DA:390,39
BRDA:390,19,0,39
DA:391,39
DA:397,39
DA:402,19
DA:403,19
DA:404,39
DA:428,39
FN:428,StableSwapZapIn._applyPairSwap
FNDA:39,StableSwapZapIn._applyPairSwap
DA:433,39
DA:434,39
BRDA:434,20,0,-
DA:437,39
DA:438,39
DA:446,39
DA:447,39
DA:450,39
DA:451,39
DA:452,39
DA:453,39
DA:456,39
DA:457,39
DA:465,39
FN:465,StableSwapZapIn._calculateSwapAmount
FNDA:39,StableSwapZapIn._calculateSwapAmount
DA:471,39
DA:474,39
DA:475,39
BRDA:475,21,0,-
DA:477,39
DA:478,39
DA:481,39
DA:484,39
DA:485,39
DA:489,39
DA:490,39
DA:496,39
FN:496,StableSwapZapIn._getTargetRatio
FNDA:39,StableSwapZapIn._getTargetRatio
DA:497,39
DA:498,39
DA:499,39
DA:500,39
DA:501,127
DA:502,127
DA:504,39
DA:513,39
FN:513,StableSwapZapIn._getInputForOutput
FNDA:39,StableSwapZapIn._getInputForOutput
DA:518,39
DA:519,39
DA:520,39
DA:523,39
DA:532,52
FN:532,StableSwapZapIn._findMostImbalancedPair
FNDA:52,StableSwapZapIn._findMostImbalancedPair
DA:537,52
DA:538,52
DA:539,0
DA:541,52
DA:542,166
BRDA:542,22,0,-
DA:543,166
DA:544,166
BRDA:544,23,0,72
DA:545,72
DA:546,72
DA:548,166
BRDA:548,24,0,114
DA:549,114
DA:550,114
DA:555,52
DA:563,55
FN:563,StableSwapZapIn._getDynamicRate
FNDA:55,StableSwapZapIn._getDynamicRate
DA:564,55
DA:566,55
DA:568,55
BRDA:568,25,0,-
DA:569,0
DA:571,0
BRDA:571,26,0,-
DA:572,0
DA:575,0
DA:576,0
FNF:14
FNH:14
LF:195
LH:188
BRF:29
BRH:20
end_of_record
TN:
SF:test/StableSwapHooks.rateOracle.t.sol
DA:30,0
FN:30,MockStETH.getSharesByPooledEth
FNDA:0,MockStETH.getSharesByPooledEth
DA:31,0
DA:34,0
FN:34,MockStETH.getPooledEthByShares
FNDA:0,MockStETH.getPooledEthByShares
DA:35,0
FNF:2
FNH:0
LF:4
LH:0
BRF:0
BRH:0
end_of_record
TN:
SF:test/StableSwapMath.t.sol
DA:13,0
FN:13,TokenMock.constructor
FNDA:0,TokenMock.constructor
DA:14,0
FNF:1
FNH:0
LF:2
LH:0
BRF:0
BRH:0
end_of_record
TN:
SF:test/StableSwapZapIn.t.sol
DA:823,0
FN:823,MockStETHForZapIn.getSharesByPooledEth
FNDA:0,MockStETHForZapIn.getSharesByPooledEth
DA:824,0
DA:827,0
FN:827,MockStETHForZapIn.getPooledEthByShares
FNDA:0,MockStETHForZapIn.getPooledEthByShares
DA:828,0
FNF:2
FNH:0
LF:4
LH:0
BRF:0
BRH:0
end_of_record
TN:
SF:test/scenarios/mocks/MockERC20.sol
DA:10,25
FN:10,MockERC20.constructor
FNDA:25,MockERC20.constructor
DA:11,25
DA:14,28
FN:14,MockERC20.decimals
FNDA:28,MockERC20.decimals
DA:15,28
DA:18,25
FN:18,MockERC20.mint
FNDA:25,MockERC20.mint
DA:19,25
FNF:3
FNH:3
LF:6
LH:6
BRF:0
BRH:0
end_of_record
TN:
SF:test/testUtils/ExternalContractsDeployer.sol
DA:31,25
FN:31,ExternalContractsDeployer.setUp
FNDA:25,ExternalContractsDeployer.setUp
DA:32,0
DA:33,0
DA:34,0
DA:35,0
DA:36,0
DA:37,0
DA:40,25
FN:40,ExternalContractsDeployer._deployPoolManager
FNDA:25,ExternalContractsDeployer._deployPoolManager
DA:41,25
BRDA:41,0,0,25
BRDA:41,0,1,-
DA:42,25
DA:44,25
DA:45,25
DA:47,25
DA:48,0
BRDA:48,1,0,-
BRDA:48,1,1,-
DA:49,0
DA:51,0
DA:54,25
DA:57,25
FN:57,ExternalContractsDeployer._deployPermit2
FNDA:25,ExternalContractsDeployer._deployPermit2
DA:58,25
BRDA:58,2,0,25
BRDA:58,2,1,-
DA:59,25
DA:61,25
DA:62,0
BRDA:62,3,0,-
BRDA:62,3,1,-
DA:63,0
DA:65,0
DA:68,25
DA:71,25
FN:71,ExternalContractsDeployer._deployUniversalRouter
FNDA:25,ExternalContractsDeployer._deployUniversalRouter
DA:72,25
BRDA:72,4,0,25
BRDA:72,4,1,-
DA:73,25
DA:75,25
DA:86,25
DA:87,25
DA:88,0
BRDA:88,5,0,-
BRDA:88,5,1,-
DA:89,0
DA:91,0
DA:94,25
DA:97,25
FN:97,ExternalContractsDeployer._deployCurrency0
FNDA:25,ExternalContractsDeployer._deployCurrency0
DA:99,25
BRDA:99,6,0,25
BRDA:99,6,1,-
DA:100,25
DA:102,25
DA:103,25
DA:104,25
DA:105,0
BRDA:105,7,0,-
BRDA:105,7,1,-
DA:106,0
DA:108,0
DA:112,25
FN:112,ExternalContractsDeployer._deployCurrency1
FNDA:25,ExternalContractsDeployer._deployCurrency1
DA:114,25
BRDA:114,8,0,25
BRDA:114,8,1,-
DA:115,25
DA:117,25
DA:118,25
DA:119,25
DA:120,25
DA:121,25
DA:122,25
DA:123,0
BRDA:123,9,0,-
BRDA:123,9,1,-
DA:124,0
DA:126,0
DA:130,25
FN:130,ExternalContractsDeployer._deployCurrency2
FNDA:25,ExternalContractsDeployer._deployCurrency2
DA:132,25
BRDA:132,10,0,25
BRDA:132,10,1,-
DA:133,25
DA:135,25
DA:136,25
DA:137,25
DA:138,0
BRDA:138,11,0,-
BRDA:138,11,1,-
DA:139,0
DA:141,0
DA:145,150
FN:145,ExternalContractsDeployer._deploy
FNDA:150,ExternalContractsDeployer._deploy
DA:146,150
DA:148,0
DA:149,0
BRDA:149,12,0,-
DA:150,0
DA:151,0
DA:152,0
DA:153,0
DA:156,0
DA:159,125
FN:159,ExternalContractsDeployer._deployAndEtch
FNDA:125,ExternalContractsDeployer._deployAndEtch
DA:160,125
DA:161,125
DA:162,125
DA:163,125
FNF:9
FNH:9
LF:79
LH:48
BRF:25
BRH:6
end_of_record
TN:
SF:test/testUtils/StableSwapHooksBaseTest.sol
DA:42,25
FN:42,StableSwapHooksBaseTest.setUp
FNDA:25,StableSwapHooksBaseTest.setUp
DA:43,0
DA:46,25
BRDA:46,0,0,25
DA:47,25
DA:50,25
DA:51,25
DA:52,25
DA:53,25
DA:54,25
DA:55,25
DA:57,25
DA:65,0
DA:66,0
DA:67,0
DA:70,0
FN:70,StableSwapHooksBaseTest._getPoolKey
FNDA:0,StableSwapHooksBaseTest._getPoolKey
DA:71,0
DA:80,25
FN:80,StableSwapHooksBaseTest._deployHooks
FNDA:25,StableSwapHooksBaseTest._deployHooks
DA:81,25
DA:82,25
DA:83,25
DA:85,25
DA:86,25
DA:87,25
DA:89,25
DA:90,25
DA:92,25
DA:94,25
DA:95,25
DA:96,25
DA:97,25
DA:100,25
FN:100,StableSwapHooksBaseTest._deployHooks3
FNDA:25,StableSwapHooksBaseTest._deployHooks3
DA:101,25
DA:102,25
DA:103,25
DA:104,25
DA:106,25
DA:107,25
DA:108,25
DA:109,25
DA:111,25
DA:112,25
DA:114,25
DA:116,25
DA:117,25
DA:118,25
DA:119,25
DA:122,25
FN:122,StableSwapHooksBaseTest._dealTokens
FNDA:25,StableSwapHooksBaseTest._dealTokens
DA:123,25
DA:124,25
DA:125,25
DA:126,25
DA:127,25
DA:128,25
DA:130,25
DA:131,25
DA:132,25
DA:133,25
DA:134,25
DA:135,25
DA:136,25
DA:138,25
DA:139,25
DA:140,25
DA:141,25
DA:142,25
DA:143,25
DA:144,25
DA:145,25
DA:148,324
FN:148,StableSwapHooksBaseTest._toTokenWei
FNDA:324,StableSwapHooksBaseTest._toTokenWei
DA:149,324
DA:152,14
FN:152,StableSwapHooksBaseTest._addLiquidity
FNDA:14,StableSwapHooksBaseTest._addLiquidity
DA:153,14
DA:154,14
DA:155,14
DA:157,14
DA:159,14
DA:160,14
DA:163,5
FN:163,StableSwapHooksBaseTest._addLiquidity3
FNDA:5,StableSwapHooksBaseTest._addLiquidity3
DA:164,5
DA:165,5
DA:166,5
DA:167,5
DA:169,5
DA:171,5
DA:172,5
DA:175,0
FN:175,StableSwapHooksBaseTest._executeExactInputSwap3
FNDA:0,StableSwapHooksBaseTest._executeExactInputSwap3
DA:176,0
DA:188,0
DA:190,0
DA:191,0
DA:193,0
DA:194,0
DA:203,0
DA:204,0
DA:206,0
DA:207,0
DA:208,0
DA:210,0
DA:211,0
DA:214,0
FN:214,StableSwapHooksBaseTest._executeExactInputSwap
FNDA:0,StableSwapHooksBaseTest._executeExactInputSwap
DA:215,0
DA:217,0
DA:218,0
DA:220,0
DA:221,0
DA:223,0
DA:224,0
DA:233,0
DA:234,0
DA:236,0
DA:237,0
DA:238,0
DA:240,0
DA:241,0
DA:244,0
FN:244,StableSwapHooksBaseTest._executeExactOutputSwap
FNDA:0,StableSwapHooksBaseTest._executeExactOutputSwap
DA:245,0
DA:247,0
DA:248,0
DA:250,0
DA:251,0
DA:253,0
DA:254,0
DA:263,0
DA:264,0
DA:266,0
DA:267,0
DA:268,0
DA:270,0
DA:271,0
FNF:11
FNH:7
LF:129
LH:79
BRF:1
BRH:1
end_of_record
TN:
SF:test/testUtils/StableSwapHooksFactoryHarness.sol
DA:29,75
FN:29,StableSwapHooksFactoryHarness.mineSalt
FNDA:75,StableSwapHooksFactoryHarness.mineSalt
DA:36,75
DA:38,75
FNF:1
FNH:1
LF:3
LH:3
BRF:0
BRH:0
end_of_record
